I, [2018-04-03T11:14:03.454711 #50161]  INFO -- : Registered expected interaction GET /dogs
D, [2018-04-03T11:14:03.454882 #50161] DEBUG -- : {
  "description": "a request for all dogs",
  "providerState": "i have a list of dogs",
  "request": {
    "method": "GET",
    "path": "/dogs",
    "headers": {
      "Accept": "application/json"
    }
  },
  "response": {
    "status": 200,
    "headers": {
      "Content-Type": "application/json"
    },
    "body": [
      {
        "dog": 1
      },
      {
        "dog": 2
      }
    ]
  }
}
I, [2018-04-03T11:14:03.458310 #50161]  INFO -- : Received request GET /dogs
D, [2018-04-03T11:14:03.458374 #50161] DEBUG -- : {
  "path": "/dogs",
  "query": "",
  "method": "get",
  "headers": {
    "Accept": "application/json",
    "User-Agent": "axios/0.18.0",
    "Host": "localhost:8989",
    "Connection": "close",
    "Version": "HTTP/1.1"
  }
}
I, [2018-04-03T11:14:03.458483 #50161]  INFO -- : Found matching response for GET /dogs
D, [2018-04-03T11:14:03.458525 #50161] DEBUG -- : {
  "status": 200,
  "headers": {
    "Content-Type": "application/json"
  },
  "body": [
    {
      "dog": 1
    },
    {
      "dog": 2
    }
  ]
}
I, [2018-04-03T11:14:03.461137 #50161]  INFO -- : Verifying - interactions matched
I, [2018-04-03T11:14:03.463443 #50161]  INFO -- : Cleared interactions
I, [2018-04-03T11:14:03.465878 #50161]  INFO -- : Merging interactions into pact for MyProvider at /Users/fordlab1/workspace/hey/pacts/myconsumer-myprovider.json
